<?xml version="1.0" encoding="UTF-8"?>
<testng-results skipped="0" failed="0" ignored="0" total="2" passed="2">
  <reporter-output>
    <line>
      <![CDATA[Clicking on Signing Link [[ChromeDriver: chrome on WINDOWS (3e7be920a3805c7d997f15a1365a28c9)] -> xpath: //a[@href='/users/sign_in']]]]>
    </line>
    <line>
      <![CDATA[Verify Welcome Back Text [[ChromeDriver: chrome on WINDOWS (3e7be920a3805c7d997f15a1365a28c9)] -> xpath: //h2[@class='page__heading']]]]>
    </line>
    <line>
      <![CDATA[Clicking on Signing Link [[ChromeDriver: chrome on WINDOWS (d19dcfdff7cea9dcd85014c1c1efbced)] -> xpath: //a[@href='/users/sign_in']]]]>
    </line>
    <line>
      <![CDATA[Entering abc345@gmail.com User Name [[ChromeDriver: chrome on WINDOWS (d19dcfdff7cea9dcd85014c1c1efbced)] -> id: user[email]]]]>
    </line>
    <line>
      <![CDATA[Entering [[ChromeDriver: chrome on WINDOWS (d19dcfdff7cea9dcd85014c1c1efbced)] -> id: user[password]] Password  [[ChromeDriver: chrome on WINDOWS (d19dcfdff7cea9dcd85014c1c1efbced)] -> id: user[password]]]]>
    </line>
    <line>
      <![CDATA[Clicking on Signin Button [[ChromeDriver: chrome on WINDOWS (d19dcfdff7cea9dcd85014c1c1efbced)] -> xpath: //button[@type='submit']]]]>
    </line>
    <line>
      <![CDATA[Verify Invalid Crendetial Message [[ChromeDriver: chrome on WINDOWS (d19dcfdff7cea9dcd85014c1c1efbced)] -> xpath: //li[contains(text(),'Invalid email or password.')]]]]>
    </line>
  </reporter-output>
  <suite name="testsuite" duration-ms="20024" started-at="2022-12-12T19:23:10 GMT" finished-at="2022-12-12T19:23:30 GMT">
    <groups>
      <group name="regression">
        <method signature="LoginPageTest.userShouldNavigateToLoginPageSuccessfully()[pri:0, instance:com.ultimateqa.courses.testsuite.LoginPageTest@1786f9d5]" name="userShouldNavigateToLoginPageSuccessfully" class="com.ultimateqa.courses.testsuite.LoginPageTest"/>
        <method signature="LoginPageTest.verifyTheErrorMessage()[pri:0, instance:com.ultimateqa.courses.testsuite.LoginPageTest@1786f9d5]" name="verifyTheErrorMessage" class="com.ultimateqa.courses.testsuite.LoginPageTest"/>
      </group> <!-- regression -->
      <group name="smoke">
        <method signature="LoginPageTest.verifyTheErrorMessage()[pri:0, instance:com.ultimateqa.courses.testsuite.LoginPageTest@1786f9d5]" name="verifyTheErrorMessage" class="com.ultimateqa.courses.testsuite.LoginPageTest"/>
      </group> <!-- smoke -->
      <group name="sanity">
        <method signature="LoginPageTest.userShouldNavigateToLoginPageSuccessfully()[pri:0, instance:com.ultimateqa.courses.testsuite.LoginPageTest@1786f9d5]" name="userShouldNavigateToLoginPageSuccessfully" class="com.ultimateqa.courses.testsuite.LoginPageTest"/>
      </group> <!-- sanity -->
    </groups>
    <test name="Login Test" duration-ms="20024" started-at="2022-12-12T19:23:10 GMT" finished-at="2022-12-12T19:23:30 GMT">
      <class name="com.ultimateqa.courses.testsuite.LoginPageTest">
        <test-method status="PASS" signature="setUp()[pri:0, instance:com.ultimateqa.courses.testsuite.LoginPageTest@1786f9d5]" name="setUp" is-config="true" duration-ms="6436" started-at="2022-12-12T19:23:11 GMT" finished-at="2022-12-12T19:23:17 GMT">
          <reporter-output>
          </reporter-output>
        </test-method> <!-- setUp -->
        <test-method status="PASS" signature="inIt()[pri:0, instance:com.ultimateqa.courses.testsuite.LoginPageTest@1786f9d5]" name="inIt" is-config="true" duration-ms="54" started-at="2022-12-12T19:23:17 GMT" finished-at="2022-12-12T19:23:17 GMT">
          <reporter-output>
          </reporter-output>
        </test-method> <!-- inIt -->
        <test-method status="PASS" signature="userShouldNavigateToLoginPageSuccessfully()[pri:0, instance:com.ultimateqa.courses.testsuite.LoginPageTest@1786f9d5]" name="userShouldNavigateToLoginPageSuccessfully" duration-ms="1931" started-at="2022-12-12T19:23:17 GMT" finished-at="2022-12-12T19:23:19 GMT">
          <reporter-output>
            <line>
              <![CDATA[Clicking on Signing Link [[ChromeDriver: chrome on WINDOWS (3e7be920a3805c7d997f15a1365a28c9)] -> xpath: //a[@href='/users/sign_in']]]]>
            </line>
            <line>
              <![CDATA[Verify Welcome Back Text [[ChromeDriver: chrome on WINDOWS (3e7be920a3805c7d997f15a1365a28c9)] -> xpath: //h2[@class='page__heading']]]]>
            </line>
          </reporter-output>
        </test-method> <!-- userShouldNavigateToLoginPageSuccessfully -->
        <test-method status="PASS" signature="tearDown()[pri:0, instance:com.ultimateqa.courses.testsuite.LoginPageTest@1786f9d5]" name="tearDown" is-config="true" duration-ms="1127" started-at="2022-12-12T19:23:19 GMT" finished-at="2022-12-12T19:23:20 GMT">
          <reporter-output>
          </reporter-output>
        </test-method> <!-- tearDown -->
        <test-method status="PASS" signature="setUp()[pri:0, instance:com.ultimateqa.courses.testsuite.LoginPageTest@1786f9d5]" name="setUp" is-config="true" duration-ms="5317" started-at="2022-12-12T19:23:20 GMT" finished-at="2022-12-12T19:23:25 GMT">
          <reporter-output>
          </reporter-output>
        </test-method> <!-- setUp -->
        <test-method status="PASS" signature="inIt()[pri:0, instance:com.ultimateqa.courses.testsuite.LoginPageTest@1786f9d5]" name="inIt" is-config="true" duration-ms="3" started-at="2022-12-12T19:23:25 GMT" finished-at="2022-12-12T19:23:25 GMT">
          <reporter-output>
          </reporter-output>
        </test-method> <!-- inIt -->
        <test-method status="PASS" signature="verifyTheErrorMessage()[pri:0, instance:com.ultimateqa.courses.testsuite.LoginPageTest@1786f9d5]" name="verifyTheErrorMessage" duration-ms="3776" started-at="2022-12-12T19:23:25 GMT" finished-at="2022-12-12T19:23:29 GMT">
          <reporter-output>
            <line>
              <![CDATA[Clicking on Signing Link [[ChromeDriver: chrome on WINDOWS (d19dcfdff7cea9dcd85014c1c1efbced)] -> xpath: //a[@href='/users/sign_in']]]]>
            </line>
            <line>
              <![CDATA[Entering abc345@gmail.com User Name [[ChromeDriver: chrome on WINDOWS (d19dcfdff7cea9dcd85014c1c1efbced)] -> id: user[email]]]]>
            </line>
            <line>
              <![CDATA[Entering [[ChromeDriver: chrome on WINDOWS (d19dcfdff7cea9dcd85014c1c1efbced)] -> id: user[password]] Password  [[ChromeDriver: chrome on WINDOWS (d19dcfdff7cea9dcd85014c1c1efbced)] -> id: user[password]]]]>
            </line>
            <line>
              <![CDATA[Clicking on Signin Button [[ChromeDriver: chrome on WINDOWS (d19dcfdff7cea9dcd85014c1c1efbced)] -> xpath: //button[@type='submit']]]]>
            </line>
            <line>
              <![CDATA[Verify Invalid Crendetial Message [[ChromeDriver: chrome on WINDOWS (d19dcfdff7cea9dcd85014c1c1efbced)] -> xpath: //li[contains(text(),'Invalid email or password.')]]]]>
            </line>
          </reporter-output>
        </test-method> <!-- verifyTheErrorMessage -->
        <test-method status="PASS" signature="tearDown()[pri:0, instance:com.ultimateqa.courses.testsuite.LoginPageTest@1786f9d5]" name="tearDown" is-config="true" duration-ms="922" started-at="2022-12-12T19:23:29 GMT" finished-at="2022-12-12T19:23:30 GMT">
          <reporter-output>
          </reporter-output>
        </test-method> <!-- tearDown -->
      </class> <!-- com.ultimateqa.courses.testsuite.LoginPageTest -->
    </test> <!-- Login Test -->
  </suite> <!-- testsuite -->
</testng-results>
